2018-01-13T09:50:26.144Z - info: Starting SmartThings MQTT Bridge - v1.3.3
2018-01-13T09:50:26.165Z - info: Loading configuration
2018-01-13T09:50:26.169Z - info: No previous configuration found, creating one
2018-01-13T09:50:26.240Z - info: Loading previous state
2018-01-13T09:50:26.244Z - info: No previous state found, continuing
2018-01-13T09:50:26.246Z - info: Perfoming configuration migration
2018-01-13T09:50:26.274Z - info: Saving current state
2018-01-13T09:50:26.290Z - info: Connecting to MQTT at mqtt://mqtt
2018-01-13T09:50:30.562Z - info: Configuring autosave
2018-01-13T09:50:30.571Z - info: Configuring API
2018-01-13T09:50:31.966Z - info: Listening at http://localhost:8080
2018-01-13T10:05:30.577Z - info: Saving current state
2018-01-13T10:20:30.603Z - info: Saving current state
2018-01-13T10:32:55.532Z - info: Starting SmartThings MQTT Bridge - v1.3.3
2018-01-13T10:32:55.558Z - info: Loading configuration
2018-01-13T10:32:55.630Z - info: Loading previous state
2018-01-13T10:32:55.637Z - info: Perfoming configuration migration
2018-01-13T10:32:55.669Z - info: Saving current state
2018-01-13T10:32:55.693Z - info: Connecting to MQTT at mqtt://mqtt
2018-01-13T10:32:55.941Z - info: Configuring autosave
2018-01-13T10:32:55.951Z - info: Configuring API
2018-01-13T10:32:56.483Z - info: Listening at http://localhost:8080
